<?xml version="1.0" encoding="UTF-8"?>
<testng-results ignored="0" total="1" passed="1" failed="0" skipped="0">
  <reporter-output>
  </reporter-output>
  <suite started-at="2022-12-05T16:36:14 IST" name="Default suite" finished-at="2022-12-05T16:36:14 IST" duration-ms="72">
    <groups>
    </groups>
    <test started-at="2022-12-05T16:36:14 IST" name="Default test" finished-at="2022-12-05T16:36:14 IST" duration-ms="72">
      <class name="Jenkin_SDET38.SmokeSampleTest">
        <test-method signature="SmokeSample()[pri:0, instance:Jenkin_SDET38.SmokeSampleTest@1b6e1eff]" started-at="2022-12-05T16:36:14 IST" name="SmokeSample" finished-at="2022-12-05T16:36:14 IST" duration-ms="16" status="PASS">
          <reporter-output>
          </reporter-output>
        </test-method> <!-- SmokeSample -->
      </class> <!-- Jenkin_SDET38.SmokeSampleTest -->
    </test> <!-- Default test -->
  </suite> <!-- Default suite -->
</testng-results>
